This is XeTeX, Version 3.141592653-2.6-0.999993 (TeX Live 2021) (preloaded format=xelatex 2021.4.25)  25 APR 2021 23:31
entering extended mode
 restricted \write18 enabled.
 %&-line parsing enabled.
**report.tex
(./report.tex
LaTeX2e <2020-10-01> patch level 4
L3 programming layer <2021-02-18> (/Users/mwestin/Library/TinyTeX/texmf-dist/te
x/latex/base/article.cls
Document Class: article 2020/04/10 v1.4m Standard LaTeX document class
(/Users/mwestin/Library/TinyTeX/texmf-dist/tex/latex/base/size10.clo
File: size10.clo 2020/04/10 v1.4m Standard LaTeX file (size option)
)
\c@part=\count175
\c@section=\count176
\c@subsection=\count177
\c@subsubsection=\count178
\c@paragraph=\count179
\c@subparagraph=\count180
\c@figure=\count181
\c@table=\count182
\abovecaptionskip=\skip47
\belowcaptionskip=\skip48
\bibindent=\dimen138
) (/Users/mwestin/Library/TinyTeX/texmf-dist/tex/latex/lm/lmodern.sty
Package: lmodern 2015/05/01 v1.6.1 Latin Modern Fonts
LaTeX Font Info:    Overwriting symbol font `operators' in version `normal'
(Font)                  OT1/cmr/m/n --> OT1/lmr/m/n on input line 22.
LaTeX Font Info:    Overwriting symbol font `letters' in version `normal'
(Font)                  OML/cmm/m/it --> OML/lmm/m/it on input line 23.
LaTeX Font Info:    Overwriting symbol font `symbols' in version `normal'
(Font)                  OMS/cmsy/m/n --> OMS/lmsy/m/n on input line 24.
LaTeX Font Info:    Overwriting symbol font `largesymbols' in version `normal'
(Font)                  OMX/cmex/m/n --> OMX/lmex/m/n on input line 25.
LaTeX Font Info:    Overwriting symbol font `operators' in version `bold'
(Font)                  OT1/cmr/bx/n --> OT1/lmr/bx/n on input line 26.
LaTeX Font Info:    Overwriting symbol font `letters' in version `bold'
(Font)                  OML/cmm/b/it --> OML/lmm/b/it on input line 27.
LaTeX Font Info:    Overwriting symbol font `symbols' in version `bold'
(Font)                  OMS/cmsy/b/n --> OMS/lmsy/b/n on input line 28.
LaTeX Font Info:    Overwriting symbol font `largesymbols' in version `bold'
(Font)                  OMX/cmex/m/n --> OMX/lmex/m/n on input line 29.
LaTeX Font Info:    Overwriting math alphabet `\mathbf' in version `normal'
(Font)                  OT1/cmr/bx/n --> OT1/lmr/bx/n on input line 31.
LaTeX Font Info:    Overwriting math alphabet `\mathsf' in version `normal'
(Font)                  OT1/cmss/m/n --> OT1/lmss/m/n on input line 32.
LaTeX Font Info:    Overwriting math alphabet `\mathit' in version `normal'
(Font)                  OT1/cmr/m/it --> OT1/lmr/m/it on input line 33.
LaTeX Font Info:    Overwriting math alphabet `\mathtt' in version `normal'
(Font)                  OT1/cmtt/m/n --> OT1/lmtt/m/n on input line 34.
LaTeX Font Info:    Overwriting math alphabet `\mathbf' in version `bold'
(Font)                  OT1/cmr/bx/n --> OT1/lmr/bx/n on input line 35.
LaTeX Font Info:    Overwriting math alphabet `\mathsf' in version `bold'
(Font)                  OT1/cmss/bx/n --> OT1/lmss/bx/n on input line 36.
LaTeX Font Info:    Overwriting math alphabet `\mathit' in version `bold'
(Font)                  OT1/cmr/bx/it --> OT1/lmr/bx/it on input line 37.
LaTeX Font Info:    Overwriting math alphabet `\mathtt' in version `bold'
(Font)                  OT1/cmtt/m/n --> OT1/lmtt/m/n on input line 38.
) (/Users/mwestin/Library/TinyTeX/texmf-dist/tex/latex/amsfonts/amssymb.sty
Package: amssymb 2013/01/14 v3.01 AMS font symbols
(/Users/mwestin/Library/TinyTeX/texmf-dist/tex/latex/amsfonts/amsfonts.sty
Package: amsfonts 2013/01/14 v3.01 Basic AMSFonts support
\@emptytoks=\toks15
\symAMSa=\mathgroup4
\symAMSb=\mathgroup5
LaTeX Font Info:    Redeclaring math symbol \hbar on input line 98.
LaTeX Font Info:    Overwriting math alphabet `\mathfrak' in version `bold'
(Font)                  U/euf/m/n --> U/euf/b/n on input line 106.
)) (/Users/mwestin/Library/TinyTeX/texmf-dist/tex/latex/amsmath/amsmath.sty
Package: amsmath 2020/09/23 v2.17i AMS math features
\@mathmargin=\skip49
For additional information on amsmath, use the `?' option.
(/Users/mwestin/Library/TinyTeX/texmf-dist/tex/latex/amsmath/amstext.sty
Package: amstext 2000/06/29 v2.01 AMS text
(/Users/mwestin/Library/TinyTeX/texmf-dist/tex/latex/amsmath/amsgen.sty
File: amsgen.sty 1999/11/30 v2.0 generic functions
\@emptytoks=\toks16
\ex@=\dimen139
)) (/Users/mwestin/Library/TinyTeX/texmf-dist/tex/latex/amsmath/amsbsy.sty
Package: amsbsy 1999/11/29 v1.2d Bold Symbols
\pmbraise@=\dimen140
) (/Users/mwestin/Library/TinyTeX/texmf-dist/tex/latex/amsmath/amsopn.sty
Package: amsopn 2016/03/08 v2.02 operator names
)
\inf@bad=\count183
LaTeX Info: Redefining \frac on input line 234.
\uproot@=\count184
\leftroot@=\count185
LaTeX Info: Redefining \overline on input line 399.
\classnum@=\count186
\DOTSCASE@=\count187
LaTeX Info: Redefining \ldots on input line 496.
LaTeX Info: Redefining \dots on input line 499.
LaTeX Info: Redefining \cdots on input line 620.
\Mathstrutbox@=\box47
\strutbox@=\box48
\big@size=\dimen141
LaTeX Font Info:    Redeclaring font encoding OML on input line 743.
LaTeX Font Info:    Redeclaring font encoding OMS on input line 744.
\macc@depth=\count188
\c@MaxMatrixCols=\count189
\dotsspace@=\muskip16
\c@parentequation=\count190
\dspbrk@lvl=\count191
\tag@help=\toks17
\row@=\count192
\column@=\count193
\maxfields@=\count194
\andhelp@=\toks18
\eqnshift@=\dimen142
\alignsep@=\dimen143
\tagshift@=\dimen144
\tagwidth@=\dimen145
\totwidth@=\dimen146
\lineht@=\dimen147
\@envbody=\toks19
\multlinegap=\skip50
\multlinetaggap=\skip51
\mathdisplay@stack=\toks20
LaTeX Info: Redefining \[ on input line 2923.
LaTeX Info: Redefining \] on input line 2924.
) (/Users/mwestin/Library/TinyTeX/texmf-dist/tex/generic/iftex/ifxetex.sty
Package: ifxetex 2019/10/25 v0.7 ifxetex legacy package. Use iftex instead.
(/Users/mwestin/Library/TinyTeX/texmf-dist/tex/generic/iftex/iftex.sty
Package: iftex 2020/03/06 v1.0d TeX engine tests
)) (/Users/mwestin/Library/TinyTeX/texmf-dist/tex/generic/iftex/ifluatex.sty
Package: ifluatex 2019/10/25 v1.5 ifluatex legacy package. Use iftex instead.
)
(/Users/mwestin/Library/TinyTeX/texmf-dist/tex/latex/unicode-math/unicode-math.
sty (/Users/mwestin/Library/TinyTeX/texmf-dist/tex/latex/l3kernel/expl3.sty
Package: expl3 2021-02-18 L3 programming layer (loader) 

(/Users/mwestin/Library/TinyTeX/texmf-dist/tex/latex/l3backend/l3backend-xetex.
def
File: l3backend-xetex.def 2021-03-18 L3 backend support: XeTeX
(|extractbb --version)
\c__kernel_sys_dvipdfmx_version_int=\count195
\l__color_backend_stack_int=\count196
\g__color_backend_stack_int=\count197
\g__graphics_track_int=\count198
\l__pdf_internal_box=\box49
\g__pdf_backend_object_int=\count199
\g__pdf_backend_annotation_int=\count266
\g__pdf_backend_link_int=\count267
))
Package: unicode-math 2020/01/31 v0.8q Unicode maths in XeLaTeX and LuaLaTeX

(/Users/mwestin/Library/TinyTeX/texmf-dist/tex/latex/unicode-math/unicode-math-
xetex.sty
Package: unicode-math-xetex 2020/01/31 v0.8q Unicode maths in XeLaTeX and LuaLa
TeX

(/Users/mwestin/Library/TinyTeX/texmf-dist/tex/latex/l3packages/xparse/xparse.s
ty
(/Users/mwestin/Library/TinyTeX/texmf-dist/tex/latex/l3packages/xparse/xparse-2
020-10-01.sty
(/Users/mwestin/Library/TinyTeX/texmf-dist/tex/latex/l3packages/xparse/xparse-g
eneric.tex)))
(/Users/mwestin/Library/TinyTeX/texmf-dist/tex/latex/l3packages/l3keys2e/l3keys
2e.sty
Package: l3keys2e 2021-03-12 LaTeX2e option processing using LaTeX3 keys
) (/Users/mwestin/Library/TinyTeX/texmf-dist/tex/latex/fontspec/fontspec.sty
Package: fontspec 2020/02/21 v2.7i Font selection for XeLaTeX and LuaLaTeX

(/Users/mwestin/Library/TinyTeX/texmf-dist/tex/latex/fontspec/fontspec-xetex.st
y
Package: fontspec-xetex 2020/02/21 v2.7i Font selection for XeLaTeX and LuaLaTe
X
\l__fontspec_script_int=\count268
\l__fontspec_language_int=\count269
\l__fontspec_strnum_int=\count270
\l__fontspec_tmp_int=\count271
\l__fontspec_tmpa_int=\count272
\l__fontspec_tmpb_int=\count273
\l__fontspec_tmpc_int=\count274
\l__fontspec_em_int=\count275
\l__fontspec_emdef_int=\count276
\l__fontspec_strong_int=\count277
\l__fontspec_strongdef_int=\count278
\l__fontspec_tmpa_dim=\dimen148
\l__fontspec_tmpb_dim=\dimen149
\l__fontspec_tmpc_dim=\dimen150
(/Users/mwestin/Library/TinyTeX/texmf-dist/tex/latex/base/fontenc.sty
Package: fontenc 2020/08/10 v2.0s Standard LaTeX package
) (/Users/mwestin/Library/TinyTeX/texmf-dist/tex/latex/fontspec/fontspec.cfg)))
(/Users/mwestin/Library/TinyTeX/texmf-dist/tex/latex/base/fix-cm.sty
Package: fix-cm 2015/01/14 v1.1t fixes to LaTeX
(/Users/mwestin/Library/TinyTeX/texmf-dist/tex/latex/base/ts1enc.def
File: ts1enc.def 2001/06/05 v3.0e (jk/car/fm) Standard LaTeX file
LaTeX Font Info:    Redeclaring font encoding TS1 on input line 47.
))
\g__um_fam_int=\count279
\g__um_fonts_used_int=\count280
\l__um_primecount_int=\count281
\g__um_primekern_muskip=\muskip17

(/Users/mwestin/Library/TinyTeX/texmf-dist/tex/latex/unicode-math/unicode-math-
table.tex))) (/Users/mwestin/Library/TinyTeX/texmf-dist/tex/latex/xcolor/xcolor
.sty
Package: xcolor 2016/05/11 v2.12 LaTeX color extensions (UK)
(/Users/mwestin/Library/TinyTeX/texmf-dist/tex/latex/graphics-cfg/color.cfg
File: color.cfg 2016/01/02 v1.6 sample color configuration
)
Package xcolor Info: Driver file: xetex.def on input line 225.
(/Users/mwestin/Library/TinyTeX/texmf-dist/tex/latex/graphics-def/xetex.def
File: xetex.def 2021/03/18 v5.0k Graphics/color driver for xetex
)
Package xcolor Info: Model `cmy' substituted by `cmy0' on input line 1348.
Package xcolor Info: Model `RGB' extended on input line 1364.
Package xcolor Info: Model `HTML' substituted by `rgb' on input line 1366.
Package xcolor Info: Model `Hsb' substituted by `hsb' on input line 1367.
Package xcolor Info: Model `tHsb' substituted by `hsb' on input line 1368.
Package xcolor Info: Model `HSB' substituted by `hsb' on input line 1369.
Package xcolor Info: Model `Gray' substituted by `gray' on input line 1370.
Package xcolor Info: Model `wave' substituted by `hsb' on input line 1371.
) (/Users/mwestin/Library/TinyTeX/texmf-dist/tex/latex/hyperref/hyperref.sty
Package: hyperref 2021-02-27 v7.00k Hypertext links for LaTeX
(/Users/mwestin/Library/TinyTeX/texmf-dist/tex/generic/ltxcmds/ltxcmds.sty
Package: ltxcmds 2020-05-10 v1.25 LaTeX kernel commands for general use (HO)
)
(/Users/mwestin/Library/TinyTeX/texmf-dist/tex/generic/pdftexcmds/pdftexcmds.st
y
Package: pdftexcmds 2020-06-27 v0.33 Utility functions of pdfTeX for LuaTeX (HO
)
(/Users/mwestin/Library/TinyTeX/texmf-dist/tex/generic/infwarerr/infwarerr.sty
Package: infwarerr 2019/12/03 v1.5 Providing info/warning/error messages (HO)
)
Package pdftexcmds Info: \pdf@primitive is available.
Package pdftexcmds Info: \pdf@ifprimitive is available.
Package pdftexcmds Info: \pdfdraftmode not found.
) (/Users/mwestin/Library/TinyTeX/texmf-dist/tex/latex/graphics/keyval.sty
Package: keyval 2014/10/28 v1.15 key=value parser (DPC)
\KV@toks@=\toks21
) (/Users/mwestin/Library/TinyTeX/texmf-dist/tex/generic/kvsetkeys/kvsetkeys.st
y
Package: kvsetkeys 2019/12/15 v1.18 Key value parser (HO)
)
(/Users/mwestin/Library/TinyTeX/texmf-dist/tex/generic/kvdefinekeys/kvdefinekey
s.sty
Package: kvdefinekeys 2019-12-19 v1.6 Define keys (HO)
) (/Users/mwestin/Library/TinyTeX/texmf-dist/tex/generic/pdfescape/pdfescape.st
y
Package: pdfescape 2019/12/09 v1.15 Implements pdfTeX's escape features (HO)
) (/Users/mwestin/Library/TinyTeX/texmf-dist/tex/latex/hycolor/hycolor.sty
Package: hycolor 2020-01-27 v1.10 Color options for hyperref/bookmark (HO)
)
(/Users/mwestin/Library/TinyTeX/texmf-dist/tex/latex/letltxmacro/letltxmacro.st
y
Package: letltxmacro 2019/12/03 v1.6 Let assignment for LaTeX macros (HO)
) (/Users/mwestin/Library/TinyTeX/texmf-dist/tex/latex/auxhook/auxhook.sty
Package: auxhook 2019-12-17 v1.6 Hooks for auxiliary files (HO)
) (/Users/mwestin/Library/TinyTeX/texmf-dist/tex/latex/kvoptions/kvoptions.sty
Package: kvoptions 2020-10-07 v3.14 Key value format for package options (HO)
)
\@linkdim=\dimen151
\Hy@linkcounter=\count282
\Hy@pagecounter=\count283
(/Users/mwestin/Library/TinyTeX/texmf-dist/tex/latex/hyperref/pd1enc.def
File: pd1enc.def 2021-02-27 v7.00k Hyperref: PDFDocEncoding definition (HO)
)
(/Users/mwestin/Library/TinyTeX/texmf-dist/tex/latex/hyperref/hyperref-langpatc
hes.def
File: hyperref-langpatches.def 2021-02-27 v7.00k Hyperref: patches for babel la
nguages
) (/Users/mwestin/Library/TinyTeX/texmf-dist/tex/generic/intcalc/intcalc.sty
Package: intcalc 2019/12/15 v1.3 Expandable calculations with integers (HO)
) (/Users/mwestin/Library/TinyTeX/texmf-dist/tex/generic/etexcmds/etexcmds.sty
Package: etexcmds 2019/12/15 v1.7 Avoid name clashes with e-TeX commands (HO)
)
\Hy@SavedSpaceFactor=\count284
(/Users/mwestin/Library/TinyTeX/texmf-dist/tex/latex/hyperref/puenc.def
File: puenc.def 2021-02-27 v7.00k Hyperref: PDF Unicode definition (HO)
)
Package hyperref Info: Option `unicode' set `true' on input line 4073.
Package hyperref Info: Hyper figures OFF on input line 4192.
Package hyperref Info: Link nesting OFF on input line 4197.
Package hyperref Info: Hyper index ON on input line 4200.
Package hyperref Info: Plain pages OFF on input line 4207.
Package hyperref Info: Backreferencing OFF on input line 4212.
Package hyperref Info: Implicit mode ON; LaTeX internals redefined.
Package hyperref Info: Bookmarks ON on input line 4445.
\c@Hy@tempcnt=\count285
(/Users/mwestin/Library/TinyTeX/texmf-dist/tex/latex/url/url.sty
\Urlmuskip=\muskip18
Package: url 2013/09/16  ver 3.4  Verb mode for urls, etc.
)
LaTeX Info: Redefining \url on input line 4804.
\XeTeXLinkMargin=\dimen152
(/Users/mwestin/Library/TinyTeX/texmf-dist/tex/generic/bitset/bitset.sty
Package: bitset 2019/12/09 v1.3 Handle bit-vector datatype (HO)

(/Users/mwestin/Library/TinyTeX/texmf-dist/tex/generic/bigintcalc/bigintcalc.st
y
Package: bigintcalc 2019/12/15 v1.5 Expandable calculations on big integers (HO
)
))
\Fld@menulength=\count286
\Field@Width=\dimen153
\Fld@charsize=\dimen154
Package hyperref Info: Hyper figures OFF on input line 6075.
Package hyperref Info: Link nesting OFF on input line 6080.
Package hyperref Info: Hyper index ON on input line 6083.
Package hyperref Info: backreferencing OFF on input line 6090.
Package hyperref Info: Link coloring OFF on input line 6095.
Package hyperref Info: Link coloring with OCG OFF on input line 6100.
Package hyperref Info: PDF/A mode OFF on input line 6105.
LaTeX Info: Redefining \ref on input line 6145.
LaTeX Info: Redefining \pageref on input line 6149.
(/Users/mwestin/Library/TinyTeX/texmf-dist/tex/latex/base/atbegshi-ltx.sty
Package: atbegshi-ltx 2020/08/17 v1.0a Emulation of the original atbegshi packa
ge
with kernel methods
)
\Hy@abspage=\count287
\c@Item=\count288
\c@Hfootnote=\count289
)
Package hyperref Info: Driver (autodetected): hxetex.
(/Users/mwestin/Library/TinyTeX/texmf-dist/tex/latex/hyperref/hxetex.def
File: hxetex.def 2021-02-27 v7.00k Hyperref driver for XeTeX
(/Users/mwestin/Library/TinyTeX/texmf-dist/tex/generic/stringenc/stringenc.sty
Package: stringenc 2019/11/29 v1.12 Convert strings between diff. encodings (HO
)
)
\pdfm@box=\box50
\c@Hy@AnnotLevel=\count290
\HyField@AnnotCount=\count291
\Fld@listcount=\count292
\c@bookmark@seq@number=\count293

(/Users/mwestin/Library/TinyTeX/texmf-dist/tex/latex/rerunfilecheck/rerunfilech
eck.sty
Package: rerunfilecheck 2019/12/05 v1.9 Rerun checks for auxiliary files (HO)
(/Users/mwestin/Library/TinyTeX/texmf-dist/tex/latex/base/atveryend-ltx.sty
Package: atveryend-ltx 2020/08/19 v1.0a Emulation of the original atvery packag
e
with kernel methods
)
(/Users/mwestin/Library/TinyTeX/texmf-dist/tex/generic/uniquecounter/uniquecoun
ter.sty
Package: uniquecounter 2019/12/15 v1.4 Provide unlimited unique counter (HO)
)
Package uniquecounter Info: New unique counter `rerunfilecheck' on input line 2
86.
)
\Hy@SectionHShift=\skip52
) (/Users/mwestin/Library/TinyTeX/texmf-dist/tex/latex/geometry/geometry.sty
Package: geometry 2020/01/02 v5.9 Page Geometry
(/Users/mwestin/Library/TinyTeX/texmf-dist/tex/generic/iftex/ifvtex.sty
Package: ifvtex 2019/10/25 v1.7 ifvtex legacy package. Use iftex instead.
)
\Gm@cnth=\count294
\Gm@cntv=\count295
\c@Gm@tempcnt=\count296
\Gm@bindingoffset=\dimen155
\Gm@wd@mp=\dimen156
\Gm@odd@mp=\dimen157
\Gm@even@mp=\dimen158
\Gm@layoutwidth=\dimen159
\Gm@layoutheight=\dimen160
\Gm@layouthoffset=\dimen161
\Gm@layoutvoffset=\dimen162
\Gm@dimlist=\toks22
) (/Users/mwestin/Library/TinyTeX/texmf-dist/tex/latex/tools/longtable.sty
Package: longtable 2020/01/07 v4.13 Multi-page Table package (DPC)
\LTleft=\skip53
\LTright=\skip54
\LTpre=\skip55
\LTpost=\skip56
\LTchunksize=\count297
\LTcapwidth=\dimen163
\LT@head=\box51
\LT@firsthead=\box52
\LT@foot=\box53
\LT@lastfoot=\box54
\LT@cols=\count298
\LT@rows=\count299
\c@LT@tables=\count300
\c@LT@chunks=\count301
\LT@p@ftn=\toks23
) (/Users/mwestin/Library/TinyTeX/texmf-dist/tex/latex/booktabs/booktabs.sty
Package: booktabs 2020/01/12 v1.61803398 Publication quality tables
\heavyrulewidth=\dimen164
\lightrulewidth=\dimen165
\cmidrulewidth=\dimen166
\belowrulesep=\dimen167
\belowbottomsep=\dimen168
\aboverulesep=\dimen169
\abovetopsep=\dimen170
\cmidrulesep=\dimen171
\cmidrulekern=\dimen172
\defaultaddspace=\dimen173
\@cmidla=\count302
\@cmidlb=\count303
\@aboverulesep=\dimen174
\@belowrulesep=\dimen175
\@thisruleclass=\count304
\@lastruleclass=\count305
\@thisrulewidth=\dimen176
) (/Users/mwestin/Library/TinyTeX/texmf-dist/tex/latex/etoolbox/etoolbox.sty
Package: etoolbox 2020/10/05 v2.5k e-TeX tools for LaTeX (JAW)
\etb@tempcnta=\count306
) (/Users/mwestin/Library/TinyTeX/texmf-dist/tex/latex/mdwtools/footnote.sty
Package: footnote 1997/01/28 1.13 Save footnotes around boxes
\fn@notes=\box55
\fn@width=\dimen177
) (/Users/mwestin/Library/TinyTeX/texmf-dist/tex/latex/graphics/graphicx.sty
Package: graphicx 2020/09/09 v1.2b Enhanced LaTeX Graphics (DPC,SPQR)
(/Users/mwestin/Library/TinyTeX/texmf-dist/tex/latex/graphics/graphics.sty
Package: graphics 2020/08/30 v1.4c Standard LaTeX Graphics (DPC,SPQR)
(/Users/mwestin/Library/TinyTeX/texmf-dist/tex/latex/graphics/trig.sty
Package: trig 2016/01/03 v1.10 sin cos tan (DPC)
) (/Users/mwestin/Library/TinyTeX/texmf-dist/tex/latex/graphics-cfg/graphics.cf
g
File: graphics.cfg 2016/06/04 v1.11 sample graphics configuration
)
Package graphics Info: Driver file: xetex.def on input line 105.
)
\Gin@req@height=\dimen178
\Gin@req@width=\dimen179
) (/Users/mwestin/Library/TinyTeX/texmf-dist/tex/latex/grffile/grffile.sty
Package: grffile 2019/11/11 v2.1 Extended file name support for graphics (legac
y)
Package grffile Info: This package is an empty stub for compatibility on input 
line 40.
) (/Users/mwestin/Library/TinyTeX/texmf-dist/tex/latex/tools/array.sty
Package: array 2020/10/01 v2.5c Tabular extension package (FMi)
\col@sep=\dimen180
\ar@mcellbox=\box56
\extrarowheight=\dimen181
\NC@list=\toks24
\extratabsurround=\skip57
\backup@length=\skip58
\ar@cellbox=\box57
) (/Users/mwestin/Library/TinyTeX/texmf-dist/tex/latex/multirow/multirow.sty
Package: multirow 2021/03/15 v2.8 Span multiple rows of a table
\multirow@colwidth=\skip59
\multirow@cntb=\count307
\multirow@dima=\skip60
\bigstrutjot=\dimen182
) (/Users/mwestin/Library/TinyTeX/texmf-dist/tex/latex/wrapfig/wrapfig.sty
\wrapoverhang=\dimen183
\WF@size=\dimen184
\c@WF@wrappedlines=\count308
\WF@box=\box58
\WF@everypar=\toks25
Package: wrapfig 2003/01/31  v 3.6
) (/Users/mwestin/Library/TinyTeX/texmf-dist/tex/latex/float/float.sty
Package: float 2001/11/08 v1.3d Float enhancements (AL)
\c@float@type=\count309
\float@exts=\toks26
\float@box=\box59
\@float@everytoks=\toks27
\@floatcapt=\box60
) (/Users/mwestin/Library/TinyTeX/texmf-dist/tex/latex/colortbl/colortbl.sty
Package: colortbl 2020/01/04 v1.0e Color table columns (DPC)
\everycr=\toks28
\minrowclearance=\skip61
) (/Users/mwestin/Library/TinyTeX/texmf-dist/tex/latex/pdflscape/pdflscape.sty
Package: pdflscape 2019/12/05 v0.12 Display of landscape pages in PDF (HO)
(/Users/mwestin/Library/TinyTeX/texmf-dist/tex/latex/graphics/lscape.sty
Package: lscape 2020/05/28 v3.02 Landscape Pages (DPC)
)
Package pdflscape Info: Auto-detected driver: dvipdfm (xetex) on input line 98.

) (/Users/mwestin/Library/TinyTeX/texmf-dist/tex/latex/tabu/tabu.sty
Package: tabu 2019/01/11 v2.9 - flexible LaTeX tabulars (FC+tabu-fixed)
(/Users/mwestin/Library/TinyTeX/texmf-dist/tex/latex/varwidth/varwidth.sty
Package: varwidth 2009/03/30 ver 0.92;  Variable-width minipages
\@vwid@box=\box61
\sift@deathcycles=\count310
\@vwid@loff=\dimen185
\@vwid@roff=\dimen186
)
\c@taburow=\count311
\tabu@nbcols=\count312
\tabu@cnt=\count313
\tabu@Xcol=\count314
\tabu@alloc=\count315
\tabu@nested=\count316
\tabu@target=\dimen187
\tabu@spreadtarget=\dimen188
\tabu@naturalX=\dimen189
\tabucolX=\dimen190
\tabu@Xsum=\dimen191
\extrarowdepth=\dimen192
\abovetabulinesep=\dimen193
\belowtabulinesep=\dimen194
\tabustrutrule=\dimen195
\tabu@thebody=\toks29
\tabu@footnotes=\toks30
\tabu@box=\box62
\tabu@arstrutbox=\box63
\tabu@hleads=\box64
\tabu@vleads=\box65
\tabu@cellskip=\skip62
)
(/Users/mwestin/Library/TinyTeX/texmf-dist/tex/latex/threeparttable/threepartta
ble.sty
Package: threeparttable 2003/06/13  v 3.0
\@tempboxb=\box66
)
(/Users/mwestin/Library/TinyTeX/texmf-dist/tex/latex/threeparttablex/threepartt
ablex.sty
Package: threeparttablex 2013/07/23 v0.3 by daleif
(/Users/mwestin/Library/TinyTeX/texmf-dist/tex/latex/environ/environ.sty
Package: environ 2014/05/04 v0.3 A new way to define environments
(/Users/mwestin/Library/TinyTeX/texmf-dist/tex/latex/trimspaces/trimspaces.sty
Package: trimspaces 2009/09/17 v1.1 Trim spaces around a token list
))
\TPTL@width=\skip63
) (/Users/mwestin/Library/TinyTeX/texmf-dist/tex/generic/ulem/ulem.sty
\UL@box=\box67
\UL@hyphenbox=\box68
\UL@skip=\skip64
\UL@hook=\toks31
\UL@height=\dimen196
\UL@pe=\count317
\UL@pixel=\dimen197
\ULC@box=\box69
Package: ulem 2019/11/18
\ULdepth=\dimen198
) (/Users/mwestin/Library/TinyTeX/texmf-dist/tex/latex/makecell/makecell.sty
Package: makecell 2009/08/03 V0.1e Managing of Tab Column Heads and Cells
\rotheadsize=\dimen199
\c@nlinenum=\count318
\TeXr@lab=\toks32
) (/Users/mwestin/Library/TinyTeX/texmf-dist/tex/latex/tools/multicol.sty
Package: multicol 2019/12/09 v1.8y multicolumn formatting (FMi)
\c@tracingmulticols=\count319
\mult@box=\box70
\multicol@leftmargin=\dimen256
\c@unbalance=\count320
\c@collectmore=\count321
\doublecol@number=\count322
\multicoltolerance=\count323
\multicolpretolerance=\count324
\full@width=\dimen257
\page@free=\dimen258
\premulticols=\dimen259
\postmulticols=\dimen260
\multicolsep=\skip65
\multicolbaselineskip=\skip66
\partial@page=\box71
\last@line=\box72
\maxbalancingoverflow=\dimen261
\mult@rightbox=\box73
\mult@grightbox=\box74
\mult@gfirstbox=\box75
\mult@firstbox=\box76
\@tempa=\box77
\@tempa=\box78
\@tempa=\box79
\@tempa=\box80
\@tempa=\box81
\@tempa=\box82
\@tempa=\box83
\@tempa=\box84
\@tempa=\box85
\@tempa=\box86
\@tempa=\box87
\@tempa=\box88
\@tempa=\box89
\@tempa=\box90
\@tempa=\box91
\@tempa=\box92
\@tempa=\box93
\@tempa=\box94
\@tempa=\box95
\@tempa=\box96
\@tempa=\box97
\@tempa=\box98
\@tempa=\box99
\@tempa=\box100
\@tempa=\box101
\@tempa=\box102
\@tempa=\box103
\@tempa=\box104
\@tempa=\box105
\@tempa=\box106
\@tempa=\box107
\@tempa=\box108
\@tempa=\box109
\@tempa=\box110
\@tempa=\box111
\@tempa=\box112
\@tempa=\box113
\c@minrows=\count325
\c@columnbadness=\count326
\c@finalcolumnbadness=\count327
\last@try=\dimen262
\multicolovershoot=\dimen263
\multicolundershoot=\dimen264
\mult@nat@firstbox=\box114
\colbreak@box=\box115
\mc@col@check@num=\count328
) (/Users/mwestin/Library/TinyTeX/texmf-dist/tex/latex/tools/hhline.sty
Package: hhline 2020/01/04 v2.04 Table rule package (DPC)
) (./report.aux)
\openout1 = `report.aux'.

LaTeX Font Info:    Checking defaults for OML/cmm/m/it on input line 94.
LaTeX Font Info:    ... okay on input line 94.
LaTeX Font Info:    Checking defaults for OMS/cmsy/m/n on input line 94.
LaTeX Font Info:    ... okay on input line 94.
LaTeX Font Info:    Checking defaults for OT1/cmr/m/n on input line 94.
LaTeX Font Info:    ... okay on input line 94.
LaTeX Font Info:    Checking defaults for T1/cmr/m/n on input line 94.
LaTeX Font Info:    ... okay on input line 94.
LaTeX Font Info:    Checking defaults for TS1/cmr/m/n on input line 94.
LaTeX Font Info:    ... okay on input line 94.
LaTeX Font Info:    Checking defaults for TU/lmr/m/n on input line 94.
LaTeX Font Info:    ... okay on input line 94.
LaTeX Font Info:    Checking defaults for OMX/cmex/m/n on input line 94.
LaTeX Font Info:    ... okay on input line 94.
LaTeX Font Info:    Checking defaults for U/cmr/m/n on input line 94.
LaTeX Font Info:    ... okay on input line 94.
LaTeX Font Info:    Checking defaults for PD1/pdf/m/n on input line 94.
LaTeX Font Info:    ... okay on input line 94.
LaTeX Font Info:    Checking defaults for PU/pdf/m/n on input line 94.
LaTeX Font Info:    ... okay on input line 94.
LaTeX Font Info:    Overwriting math alphabet `\mathrm' in version `normal'
(Font)                  OT1/lmr/m/n --> TU/lmr/m/n on input line 94.
LaTeX Font Info:    Overwriting math alphabet `\mathit' in version `normal'
(Font)                  OT1/lmr/m/it --> TU/lmr/m/it on input line 94.
LaTeX Font Info:    Overwriting math alphabet `\mathbf' in version `normal'
(Font)                  OT1/lmr/bx/n --> TU/lmr/bx/n on input line 94.
LaTeX Font Info:    Overwriting math alphabet `\mathsf' in version `normal'
(Font)                  OT1/lmss/m/n --> TU/lmss/m/n on input line 94.
LaTeX Font Info:    Overwriting math alphabet `\mathsf' in version `bold'
(Font)                  OT1/lmss/bx/n --> TU/lmss/bx/n on input line 94.
LaTeX Font Info:    Overwriting math alphabet `\mathtt' in version `normal'
(Font)                  OT1/lmtt/m/n --> TU/lmtt/m/n on input line 94.
LaTeX Font Info:    Overwriting math alphabet `\mathtt' in version `bold'
(Font)                  OT1/lmtt/m/n --> TU/lmtt/bx/n on input line 94.

Package fontspec Info: latinmodern-math scale = 0.9999964596882403.


Package fontspec Info: latinmodern-math scale = 0.9999964596882403.


Package fontspec Info: latinmodern-math scale = 0.9999964596882403.


Package fontspec Info: Font family 'latinmodern-math.otf(0)' created for font
(fontspec)             'latinmodern-math.otf' with options
(fontspec)             [Scale=MatchLowercase,BoldItalicFont={},ItalicFont={},Sm
allCapsFont={},Script=Math,BoldFont={latinmodern-math.otf}].
(fontspec)              
(fontspec)              This font family consists of the following NFSS
(fontspec)             series/shapes:
(fontspec)              
(fontspec)             - 'normal' (m/n) with NFSS spec.:
(fontspec)             <->s*[0.9999964596882403]"[latinmodern-math.otf]/OT:scri
pt=math;language=dflt;"
(fontspec)             - 'small caps'  (m/sc) with NFSS spec.: 
(fontspec)             - 'bold' (b/n) with NFSS spec.:
(fontspec)             <->s*[0.9999964596882403]"[latinmodern-math.otf]/OT:scri
pt=math;language=dflt;"
(fontspec)             - 'bold small caps'  (b/sc) with NFSS spec.: 

LaTeX Font Info:    Font shape `TU/latinmodern-math.otf(0)/m/n' will be
(Font)              scaled to size 10.0pt on input line 94.

Package fontspec Info: latinmodern-math scale = 0.9999964596882403.


Package fontspec Info: latinmodern-math scale = 0.9999964596882403.


Package fontspec Info: latinmodern-math scale = 0.9999964596882403.


Package fontspec Info: latinmodern-math scale = 0.9999964596882403.


Package fontspec Info: latinmodern-math scale = 0.9999964596882403.


Package fontspec Info: Font family 'latinmodern-math.otf(1)' created for font
(fontspec)             'latinmodern-math.otf' with options
(fontspec)             [Scale=MatchLowercase,BoldItalicFont={},ItalicFont={},Sm
allCapsFont={},Script=Math,SizeFeatures={{Size=8.5-},{Size=6-8.5,Font=latinmode
rn-math.otf,Style=MathScript},{Size=-6,Font=latinmodern-math.otf,Style=MathScri
ptScript}},BoldFont={latinmodern-math.otf}].
(fontspec)              
(fontspec)              This font family consists of the following NFSS
(fontspec)             series/shapes:
(fontspec)              
(fontspec)             - 'normal' (m/n) with NFSS spec.:
(fontspec)             <8.5->s*[0.9999964596882403]"[latinmodern-math.otf]/OT:s
cript=math;language=dflt;"<6-8.5>s*[0.9999964596882403]"[latinmodern-math.otf]/
OT:script=math;language=dflt;+ssty=0;"<-6>s*[0.9999964596882403]"[latinmodern-m
ath.otf]/OT:script=math;language=dflt;+ssty=1;"
(fontspec)             - 'small caps'  (m/sc) with NFSS spec.: 
(fontspec)             - 'bold' (b/n) with NFSS spec.:
(fontspec)             <->s*[0.9999964596882403]"[latinmodern-math.otf]/OT:scri
pt=math;language=dflt;"
(fontspec)             - 'bold small caps'  (b/sc) with NFSS spec.: 

LaTeX Font Info:    Font shape `TU/latinmodern-math.otf(1)/m/n' will be
(Font)              scaled to size 10.0pt on input line 94.
LaTeX Font Info:    Encoding `OT1' has changed to `TU' for symbol font
(Font)              `operators' in the math version `normal' on input line 94.
LaTeX Font Info:    Overwriting symbol font `operators' in version `normal'
(Font)                  OT1/lmr/m/n --> TU/latinmodern-math.otf(1)/m/n on input
 line 94.
LaTeX Font Info:    Encoding `OT1' has changed to `TU' for symbol font
(Font)              `operators' in the math version `bold' on input line 94.
LaTeX Font Info:    Overwriting symbol font `operators' in version `bold'
(Font)                  OT1/lmr/bx/n --> TU/latinmodern-math.otf(1)/b/n on inpu
t line 94.

Package fontspec Info: latinmodern-math scale = 0.9999964596882403.


Package fontspec Info: latinmodern-math scale = 1.000096459334209.


Package fontspec Info: latinmodern-math scale = 0.9999964596882403.


Package fontspec Info: latinmodern-math scale = 1.000096459334209.


Package fontspec Info: latinmodern-math scale = 0.9999964596882403.


Package fontspec Info: latinmodern-math scale = 1.000096459334209.


Package fontspec Info: latinmodern-math scale = 0.9999964596882403.


Package fontspec Info: latinmodern-math scale = 1.000096459334209.


Package fontspec Info: latinmodern-math scale = 0.9999964596882403.


Package fontspec Info: latinmodern-math scale = 1.000096459334209.


Package fontspec Info: Font family 'latinmodern-math.otf(2)' created for font
(fontspec)             'latinmodern-math.otf' with options
(fontspec)             [Scale=MatchLowercase,BoldItalicFont={},ItalicFont={},Sm
allCapsFont={},Script=Math,SizeFeatures={{Size=8.5-},{Size=6-8.5,Font=latinmode
rn-math.otf,Style=MathScript},{Size=-6,Font=latinmodern-math.otf,Style=MathScri
ptScript}},BoldFont={latinmodern-math.otf},ScaleAgain=1.0001,FontAdjustment={\f
ontdimen
(fontspec)             8\font =6.77pt\relax \fontdimen 9\font =3.94pt\relax
(fontspec)             \fontdimen 10\font =4.44pt\relax \fontdimen 11\font
(fontspec)             =6.86pt\relax \fontdimen 12\font =3.45pt\relax
(fontspec)             \fontdimen 13\font =3.63pt\relax \fontdimen 14\font
(fontspec)             =3.63pt\relax \fontdimen 15\font =2.89pt\relax
(fontspec)             \fontdimen 16\font =2.47pt\relax \fontdimen 17\font
(fontspec)             =2.47pt\relax \fontdimen 18\font =2.5pt\relax
(fontspec)             \fontdimen 19\font =2.0pt\relax \fontdimen 22\font
(fontspec)             =2.5pt\relax \fontdimen 20\font =0pt\relax \fontdimen
(fontspec)             21\font =0pt\relax }].
(fontspec)              
(fontspec)              This font family consists of the following NFSS
(fontspec)             series/shapes:
(fontspec)              
(fontspec)             - 'normal' (m/n) with NFSS spec.:
(fontspec)             <8.5->s*[1.000096459334209]"[latinmodern-math.otf]/OT:sc
ript=math;language=dflt;"<6-8.5>s*[1.000096459334209]"[latinmodern-math.otf]/OT
:script=math;language=dflt;+ssty=0;"<-6>s*[1.000096459334209]"[latinmodern-math
.otf]/OT:script=math;language=dflt;+ssty=1;"
(fontspec)             - 'small caps'  (m/sc) with NFSS spec.: 
(fontspec)             and font adjustment code:
(fontspec)             \fontdimen 8\font =6.77pt\relax \fontdimen 9\font
(fontspec)             =3.94pt\relax \fontdimen 10\font =4.44pt\relax
(fontspec)             \fontdimen 11\font =6.86pt\relax \fontdimen 12\font
(fontspec)             =3.45pt\relax \fontdimen 13\font =3.63pt\relax
(fontspec)             \fontdimen 14\font =3.63pt\relax \fontdimen 15\font
(fontspec)             =2.89pt\relax \fontdimen 16\font =2.47pt\relax
(fontspec)             \fontdimen 17\font =2.47pt\relax \fontdimen 18\font
(fontspec)             =2.5pt\relax \fontdimen 19\font =2.0pt\relax \fontdimen
(fontspec)             22\font =2.5pt\relax \fontdimen 20\font =0pt\relax
(fontspec)             \fontdimen 21\font =0pt\relax 
(fontspec)             - 'bold' (b/n) with NFSS spec.:
(fontspec)             <->s*[1.000096459334209]"[latinmodern-math.otf]/OT:scrip
t=math;language=dflt;"
(fontspec)             - 'bold small caps'  (b/sc) with NFSS spec.: 
(fontspec)             and font adjustment code:
(fontspec)             \fontdimen 8\font =6.77pt\relax \fontdimen 9\font
(fontspec)             =3.94pt\relax \fontdimen 10\font =4.44pt\relax
(fontspec)             \fontdimen 11\font =6.86pt\relax \fontdimen 12\font
(fontspec)             =3.45pt\relax \fontdimen 13\font =3.63pt\relax
(fontspec)             \fontdimen 14\font =3.63pt\relax \fontdimen 15\font
(fontspec)             =2.89pt\relax \fontdimen 16\font =2.47pt\relax
(fontspec)             \fontdimen 17\font =2.47pt\relax \fontdimen 18\font
(fontspec)             =2.5pt\relax \fontdimen 19\font =2.0pt\relax \fontdimen
(fontspec)             22\font =2.5pt\relax \fontdimen 20\font =0pt\relax
(fontspec)             \fontdimen 21\font =0pt\relax 

LaTeX Font Info:    Encoding `OMS' has changed to `TU' for symbol font
(Font)              `symbols' in the math version `normal' on input line 94.
LaTeX Font Info:    Overwriting symbol font `symbols' in version `normal'
(Font)                  OMS/lmsy/m/n --> TU/latinmodern-math.otf(2)/m/n on inpu
t line 94.
LaTeX Font Info:    Encoding `OMS' has changed to `TU' for symbol font
(Font)              `symbols' in the math version `bold' on input line 94.
LaTeX Font Info:    Overwriting symbol font `symbols' in version `bold'
(Font)                  OMS/lmsy/b/n --> TU/latinmodern-math.otf(2)/b/n on inpu
t line 94.

Package fontspec Info: latinmodern-math scale = 0.9999964596882403.


Package fontspec Info: latinmodern-math scale = 0.9998964600422715.


Package fontspec Info: latinmodern-math scale = 0.9999964596882403.


Package fontspec Info: latinmodern-math scale = 0.9998964600422715.


Package fontspec Info: latinmodern-math scale = 0.9999964596882403.


Package fontspec Info: latinmodern-math scale = 0.9998964600422715.


Package fontspec Info: latinmodern-math scale = 0.9999964596882403.


Package fontspec Info: latinmodern-math scale = 0.9998964600422715.


Package fontspec Info: latinmodern-math scale = 0.9999964596882403.


Package fontspec Info: latinmodern-math scale = 0.9998964600422715.


Package fontspec Info: Font family 'latinmodern-math.otf(3)' created for font
(fontspec)             'latinmodern-math.otf' with options
(fontspec)             [Scale=MatchLowercase,BoldItalicFont={},ItalicFont={},Sm
allCapsFont={},Script=Math,SizeFeatures={{Size=8.5-},{Size=6-8.5,Font=latinmode
rn-math.otf,Style=MathScript},{Size=-6,Font=latinmodern-math.otf,Style=MathScri
ptScript}},BoldFont={latinmodern-math.otf},ScaleAgain=0.9999,FontAdjustment={\f
ontdimen
(fontspec)             8\font =0.4pt\relax \fontdimen 9\font =2.0pt\relax
(fontspec)             \fontdimen 10\font =1.67pt\relax \fontdimen 11\font
(fontspec)             =1.11pt\relax \fontdimen 12\font =6.0pt\relax
(fontspec)             \fontdimen 13\font =0pt\relax }].
(fontspec)              
(fontspec)              This font family consists of the following NFSS
(fontspec)             series/shapes:
(fontspec)              
(fontspec)             - 'normal' (m/n) with NFSS spec.:
(fontspec)             <8.5->s*[0.9998964600422715]"[latinmodern-math.otf]/OT:s
cript=math;language=dflt;"<6-8.5>s*[0.9998964600422715]"[latinmodern-math.otf]/
OT:script=math;language=dflt;+ssty=0;"<-6>s*[0.9998964600422715]"[latinmodern-m
ath.otf]/OT:script=math;language=dflt;+ssty=1;"
(fontspec)             - 'small caps'  (m/sc) with NFSS spec.: 
(fontspec)             and font adjustment code:
(fontspec)             \fontdimen 8\font =0.4pt\relax \fontdimen 9\font
(fontspec)             =2.0pt\relax \fontdimen 10\font =1.67pt\relax
(fontspec)             \fontdimen 11\font =1.11pt\relax \fontdimen 12\font
(fontspec)             =6.0pt\relax \fontdimen 13\font =0pt\relax 
(fontspec)             - 'bold' (b/n) with NFSS spec.:
(fontspec)             <->s*[0.9998964600422715]"[latinmodern-math.otf]/OT:scri
pt=math;language=dflt;"
(fontspec)             - 'bold small caps'  (b/sc) with NFSS spec.: 
(fontspec)             and font adjustment code:
(fontspec)             \fontdimen 8\font =0.4pt\relax \fontdimen 9\font
(fontspec)             =2.0pt\relax \fontdimen 10\font =1.67pt\relax
(fontspec)             \fontdimen 11\font =1.11pt\relax \fontdimen 12\font
(fontspec)             =6.0pt\relax \fontdimen 13\font =0pt\relax 

LaTeX Font Info:    Encoding `OMX' has changed to `TU' for symbol font
(Font)              `largesymbols' in the math version `normal' on input line 9
4.
LaTeX Font Info:    Overwriting symbol font `largesymbols' in version `normal'
(Font)                  OMX/lmex/m/n --> TU/latinmodern-math.otf(3)/m/n on inpu
t line 94.
LaTeX Font Info:    Encoding `OMX' has changed to `TU' for symbol font
(Font)              `largesymbols' in the math version `bold' on input line 94.

LaTeX Font Info:    Overwriting symbol font `largesymbols' in version `bold'
(Font)                  OMX/lmex/m/n --> TU/latinmodern-math.otf(3)/b/n on inpu
t line 94.
Package hyperref Info: Link coloring OFF on input line 94.
(/Users/mwestin/Library/TinyTeX/texmf-dist/tex/latex/hyperref/nameref.sty
Package: nameref 2021-04-02 v2.47 Cross-referencing by name of section
(/Users/mwestin/Library/TinyTeX/texmf-dist/tex/latex/refcount/refcount.sty
Package: refcount 2019/12/15 v3.6 Data extraction from label references (HO)
)
(/Users/mwestin/Library/TinyTeX/texmf-dist/tex/generic/gettitlestring/gettitles
tring.sty
Package: gettitlestring 2019/12/15 v1.6 Cleanup title references (HO)
)
\c@section@level=\count329
)
LaTeX Info: Redefining \ref on input line 94.
LaTeX Info: Redefining \pageref on input line 94.
LaTeX Info: Redefining \nameref on input line 94.
(./report.out) (./report.out)
\@outlinefile=\write3
\openout3 = `report.out'.

*geometry* driver: auto-detecting
*geometry* detected driver: xetex
*geometry* verbose mode - [ preamble ] result:
* driver: xetex
* paper: <default>
* layout: <same size as paper>
* layoutoffset:(h,v)=(0.0pt,0.0pt)
* modes: 
* h-part:(L,W,R)=(72.26999pt, 469.75502pt, 72.26999pt)
* v-part:(T,H,B)=(72.26999pt, 650.43001pt, 72.26999pt)
* \paperwidth=614.295pt
* \paperheight=794.96999pt
* \textwidth=469.75502pt
* \textheight=650.43001pt
* \oddsidemargin=0.0pt
* \evensidemargin=0.0pt
* \topmargin=-37.0pt
* \headheight=12.0pt
* \headsep=25.0pt
* \topskip=10.0pt
* \footskip=30.0pt
* \marginparwidth=65.0pt
* \marginparsep=11.0pt
* \columnsep=10.0pt
* \skip\footins=9.0pt plus 4.0pt minus 2.0pt
* \hoffset=0.0pt
* \voffset=0.0pt
* \mag=1000
* \@twocolumnfalse
* \@twosidefalse
* \@mparswitchfalse
* \@reversemarginfalse
* (1in=72.27pt=25.4mm, 1cm=28.453pt)

LaTeX Font Info:    Font shape `TU/latinmodern-math.otf(1)/m/n' will be
(Font)              scaled to size 17.28pt on input line 96.
LaTeX Font Info:    Font shape `TU/latinmodern-math.otf(1)/m/n' will be
(Font)              scaled to size 12.0pt on input line 96.
LaTeX Font Info:    Trying to load font information for OML+lmm on input line 9
6.
(/Users/mwestin/Library/TinyTeX/texmf-dist/tex/latex/lm/omllmm.fd
File: omllmm.fd 2015/05/01 v1.6.1 Font defs for Latin Modern
)
LaTeX Font Info:    Font shape `TU/latinmodern-math.otf(2)/m/n' will be
(Font)              scaled to size 17.28157pt on input line 96.
LaTeX Font Info:    Font shape `TU/latinmodern-math.otf(2)/m/n' will be
(Font)              scaled to size 12.0011pt on input line 96.
LaTeX Font Info:    Font shape `TU/latinmodern-math.otf(2)/m/n' will be
(Font)              scaled to size 10.00092pt on input line 96.
LaTeX Font Info:    Font shape `TU/latinmodern-math.otf(3)/m/n' will be
(Font)              scaled to size 17.27815pt on input line 96.
LaTeX Font Info:    Font shape `TU/latinmodern-math.otf(3)/m/n' will be
(Font)              scaled to size 11.99872pt on input line 96.
LaTeX Font Info:    Font shape `TU/latinmodern-math.otf(3)/m/n' will be
(Font)              scaled to size 9.99893pt on input line 96.
LaTeX Font Info:    Trying to load font information for U+msa on input line 96.

(/Users/mwestin/Library/TinyTeX/texmf-dist/tex/latex/amsfonts/umsa.fd
File: umsa.fd 2013/01/14 v3.01 AMS symbols A
)
LaTeX Font Info:    Trying to load font information for U+msb on input line 96.

(/Users/mwestin/Library/TinyTeX/texmf-dist/tex/latex/amsfonts/umsb.fd
File: umsb.fd 2013/01/14 v3.01 AMS symbols B
)
LaTeX Font Info:    Font shape `TU/latinmodern-math.otf(1)/m/n' will be
(Font)              scaled to size 8.0pt on input line 96.
LaTeX Font Info:    Font shape `TU/latinmodern-math.otf(1)/m/n' will be
(Font)              scaled to size 6.0pt on input line 96.
LaTeX Font Info:    Font shape `TU/latinmodern-math.otf(2)/m/n' will be
(Font)              scaled to size 8.00073pt on input line 96.
LaTeX Font Info:    Font shape `TU/latinmodern-math.otf(2)/m/n' will be
(Font)              scaled to size 6.00055pt on input line 96.
LaTeX Font Info:    Font shape `TU/latinmodern-math.otf(3)/m/n' will be
(Font)              scaled to size 7.99915pt on input line 96.
LaTeX Font Info:    Font shape `TU/latinmodern-math.otf(3)/m/n' will be
(Font)              scaled to size 5.99936pt on input line 96.
LaTeX Font Info:    Font shape `TU/latinmodern-math.otf(1)/m/n' will be
(Font)              scaled to size 5.0pt on input line 96.
LaTeX Font Info:    Font shape `TU/latinmodern-math.otf(2)/m/n' will be
(Font)              scaled to size 5.00046pt on input line 96.
LaTeX Font Info:    Font shape `TU/latinmodern-math.otf(3)/m/n' will be
(Font)              scaled to size 4.99947pt on input line 96.
[1

]
LaTeX Font Info:    Font shape `TU/latinmodern-math.otf(1)/m/n' will be
(Font)              scaled to size 7.0pt on input line 115.
LaTeX Font Info:    Font shape `TU/latinmodern-math.otf(2)/m/n' will be
(Font)              scaled to size 7.00064pt on input line 115.
LaTeX Font Info:    Font shape `TU/latinmodern-math.otf(3)/m/n' will be
(Font)              scaled to size 6.99925pt on input line 115.
[2] [3]
File: report_files/figure-latex/salgen-1.pdf Graphic file (type pdf)
<use report_files/figure-latex/salgen-1.pdf>

Overfull \hbox (29.17496pt too wide) in paragraph at lines 142--153
 [][] 
 []

File: report_files/figure-latex/ethnicity-1.pdf Graphic file (type pdf)
<use report_files/figure-latex/ethnicity-1.pdf>
File: report_files/figure-latex/saleth-1.pdf Graphic file (type pdf)
<use report_files/figure-latex/saleth-1.pdf>
File: report_files/figure-latex/yearscode-1.pdf Graphic file (type pdf)
<use report_files/figure-latex/yearscode-1.pdf>

LaTeX Warning: Float too large for page by 24.065pt on input line 171.

File: report_files/figure-latex/salexp-1.pdf Graphic file (type pdf)
<use report_files/figure-latex/salexp-1.pdf>
File: report_files/figure-latex/devtype1-1.pdf Graphic file (type pdf)
<use report_files/figure-latex/devtype1-1.pdf>

Underfull \hbox (badness 10000) in paragraph at lines 173--175
[][]
 []

[4] [5]
File: report_files/figure-latex/devtype2-1.pdf Graphic file (type pdf)
<use report_files/figure-latex/devtype2-1.pdf>
[6] [7]
File: report_files/figure-latex/performance-1.pdf Graphic file (type pdf)
<use report_files/figure-latex/performance-1.pdf>
[8] [9] [10]
File: report_files/figure-latex/coeff-1.pdf Graphic file (type pdf)
<use report_files/figure-latex/coeff-1.pdf>

Package fontspec Info: Times scale = 0.9537090184691224.


Package fontspec Info: Times scale = 0.9537090184691224.


Package fontspec Info: Times/B scale = 0.9395488921883175.


Package fontspec Info: Times/I scale = 0.9693598355208765.


Package fontspec Info: Times/BI scale = 0.9345946758911114.


Package fontspec Info: Font family 'Times(0)' created for font 'Times' with
(fontspec)             options [Scale=MatchLowercase,Ligatures=TeX,Scale=1].
(fontspec)              
(fontspec)              This font family consists of the following NFSS
(fontspec)             series/shapes:
(fontspec)              
(fontspec)             - 'normal' (m/n) with NFSS spec.:
(fontspec)             <->s*[1]"Times/AAT:mapping=tex-text;"
(fontspec)             - 'small caps'  (m/sc) with NFSS spec.: 
(fontspec)             - 'bold' (b/n) with NFSS spec.:
(fontspec)             <->s*[1]"Times/B/AAT:mapping=tex-text;"
(fontspec)             - 'bold small caps'  (b/sc) with NFSS spec.: 
(fontspec)             - 'italic' (m/it) with NFSS spec.:
(fontspec)             <->s*[1]"Times/I/AAT:mapping=tex-text;"
(fontspec)             - 'italic small caps'  (m/scit) with NFSS spec.: 
(fontspec)             - 'bold italic' (b/it) with NFSS spec.:
(fontspec)             <->s*[1]"Times/BI/AAT:mapping=tex-text;"
(fontspec)             - 'bold italic small caps'  (b/scit) with NFSS spec.: 

LaTeX Font Info:    Font shape `TU/Times(0)/m/n' will be
(Font)              scaled to size 11.0pt on input line 261.

Package fontspec Info: Times scale = 0.9999969305098115.


Package fontspec Info: Times scale = 0.9999969305098115.


Package fontspec Info: Times/B scale = 0.9851495477733394.


Package fontspec Info: Times/I scale = 1.016407354138653.


Package fontspec Info: Times/BI scale = 0.9799548804331478.


Package fontspec Info: Font family 'Times(1)' created for font 'Times' with
(fontspec)             options [Scale=MatchLowercase].
(fontspec)              
(fontspec)              This font family consists of the following NFSS
(fontspec)             series/shapes:
(fontspec)              
(fontspec)             - 'normal' (m/n) with NFSS spec.:
(fontspec)             <->s*[0.9999969305098115]"Times/AAT"
(fontspec)             - 'small caps'  (m/sc) with NFSS spec.: 
(fontspec)             - 'bold' (b/n) with NFSS spec.:
(fontspec)             <->s*[0.9851495477733394]"Times/B/AAT"
(fontspec)             - 'bold small caps'  (b/sc) with NFSS spec.: 
(fontspec)             - 'italic' (m/it) with NFSS spec.:
(fontspec)             <->s*[1.016407354138653]"Times/I/AAT"
(fontspec)             - 'italic small caps'  (m/scit) with NFSS spec.: 
(fontspec)             - 'bold italic' (b/it) with NFSS spec.:
(fontspec)             <->s*[0.9799548804331478]"Times/BI/AAT"
(fontspec)             - 'bold italic small caps'  (b/scit) with NFSS spec.: 

LaTeX Font Info:    Overwriting math alphabet `\mathrm' in version `normal'
(Font)                  TU/lmr/m/n --> TU/Times(1)/m/n on input line 261.
LaTeX Font Info:    Overwriting math alphabet `\mathit' in version `normal'
(Font)                  TU/lmr/m/it --> TU/Times(1)/m/it on input line 261.
LaTeX Font Info:    Overwriting math alphabet `\mathbf' in version `normal'
(Font)                  TU/lmr/bx/n --> TU/Times(1)/b/n on input line 261.

Package fontspec Info: Times scale = 0.9537090184691224.


Package fontspec Info: Times scale = 0.9537090184691224.

LaTeX Font Info:    Calculating math sizes for size <11> on input line 261.
LaTeX Font Info:    Font shape `TU/latinmodern-math.otf(1)/m/n' will be
(Font)              scaled to size 11.0pt on input line 261.
LaTeX Font Info:    Font shape `TU/latinmodern-math.otf(1)/m/n' will be
(Font)              scaled to size 7.69997pt on input line 261.
LaTeX Font Info:    Font shape `TU/latinmodern-math.otf(1)/m/n' will be
(Font)              scaled to size 5.5pt on input line 261.
LaTeX Font Info:    Font shape `TU/latinmodern-math.otf(2)/m/n' will be
(Font)              scaled to size 11.001pt on input line 261.
LaTeX Font Info:    Font shape `TU/latinmodern-math.otf(2)/m/n' will be
(Font)              scaled to size 7.70067pt on input line 261.
LaTeX Font Info:    Font shape `TU/latinmodern-math.otf(2)/m/n' will be
(Font)              scaled to size 5.5005pt on input line 261.
LaTeX Font Info:    Font shape `TU/latinmodern-math.otf(3)/m/n' will be
(Font)              scaled to size 10.99883pt on input line 261.
LaTeX Font Info:    Font shape `TU/latinmodern-math.otf(3)/m/n' will be
(Font)              scaled to size 7.69914pt on input line 261.
LaTeX Font Info:    Font shape `TU/latinmodern-math.otf(3)/m/n' will be
(Font)              scaled to size 5.4994pt on input line 261.

Package fontspec Info: Times scale = 0.9537075202806401.

LaTeX Font Info:    Font shape `TU/Times(0)/m/n' will be
(Font)              scaled to size 7.69997pt on input line 261.

Package fontspec Info: Times scale = 0.9537090184691224.


Overfull \hbox (13.21825pt too wide) in alignment at lines 255--265
 [] [] [] [] 
 []


Package fontspec Info: Times scale = 0.9537090184691224.


Package fontspec Info: Times scale = 0.9537090184691224.


Package fontspec Info: Times scale = 0.9537090184691224.


Package fontspec Info: Times scale = 0.9537075202806401.


Package fontspec Info: Times scale = 0.9537090184691224.


Overfull \hbox (13.21825pt too wide) in alignment at lines 265--271
 [] [] [] [] 
 []


Package fontspec Info: Times scale = 0.9537025782315681.

LaTeX Font Info:    Font shape `TU/Times(0)/m/n' will be
(Font)              scaled to size 5.0pt on input line 275.

Package fontspec Info: Times scale = 0.9537090184691223.

LaTeX Font Info:    Font shape `TU/Times(0)/m/n' will be
(Font)              scaled to size 7.0pt on input line 275.

Package fontspec Info: Times scale = 0.9537025782315681.


Package fontspec Info: Times scale = 0.9537090184691223.


Overfull \hbox (13.21825pt too wide) in alignment at lines 271--283
 [] [] [] [] 
 []


Package fontspec Info: Times scale = 0.9537090184691225.

LaTeX Font Info:    Font shape `TU/Times(0)/m/n' will be
(Font)              scaled to size 10.0pt on input line 287.
LaTeX Font Info:    Font shape `TU/Times(0)/b/n' will be
(Font)              scaled to size 10.0pt on input line 287.

Package fontspec Info: Times scale = 0.9537090184691223.

LaTeX Font Info:    Font shape `TU/Times(0)/b/n' will be
(Font)              scaled to size 7.0pt on input line 287.

Package fontspec Info: Times scale = 0.9537090184691225.


Package fontspec Info: Times scale = 0.9537090184691223.


Package fontspec Info: Times scale = 0.9537090184691225.


Package fontspec Info: Times scale = 0.9537090184691223.


Package fontspec Info: Times scale = 0.9537090184691225.


Package fontspec Info: Times scale = 0.9537090184691223.


Package fontspec Info: Times scale = 0.9537090184691225.


Package fontspec Info: Times scale = 0.9537090184691223.


Package fontspec Info: Times scale = 0.9537090184691225.


Package fontspec Info: Times scale = 0.9537090184691223.


Package fontspec Info: Times scale = 0.9537090184691225.


Package fontspec Info: Times scale = 0.9537090184691223.


Package fontspec Info: Times scale = 0.9537090184691225.


Package fontspec Info: Times scale = 0.9537090184691223.


Package fontspec Info: Times scale = 0.9537090184691225.


Package fontspec Info: Times scale = 0.9537090184691223.


Package fontspec Info: Times scale = 0.9537090184691225.


Package fontspec Info: Times scale = 0.9537090184691223.


Package fontspec Info: Times scale = 0.9537090184691225.


Package fontspec Info: Times scale = 0.9537090184691223.


Package fontspec Info: Times scale = 0.9537090184691225.


Package fontspec Info: Times scale = 0.9537090184691223.


Package fontspec Info: Times scale = 0.9537090184691225.


Package fontspec Info: Times scale = 0.9537090184691223.


Package fontspec Info: Times scale = 0.9537090184691225.


Package fontspec Info: Times scale = 0.9537090184691223.


Package fontspec Info: Times scale = 0.9537090184691225.


Package fontspec Info: Times scale = 0.9537090184691223.


Package fontspec Info: Times scale = 0.9537090184691225.


Package fontspec Info: Times scale = 0.9537090184691223.


Package fontspec Info: Times scale = 0.9537090184691225.


Package fontspec Info: Times scale = 0.9537090184691223.


Package fontspec Info: Times scale = 0.9537090184691225.


Package fontspec Info: Times scale = 0.9537090184691223.


Package fontspec Info: Times scale = 0.9537090184691225.


Package fontspec Info: Times scale = 0.9537090184691223.


Package fontspec Info: Times scale = 0.9537090184691225.


Package fontspec Info: Times scale = 0.9537090184691223.


Package fontspec Info: Times scale = 0.9537090184691225.


Package fontspec Info: Times scale = 0.9537090184691223.


Package fontspec Info: Times scale = 0.9537090184691225.


Package fontspec Info: Times scale = 0.9537090184691223.


Package fontspec Info: Times scale = 0.9537090184691225.


Package fontspec Info: Times scale = 0.9537090184691223.


Package fontspec Info: Times scale = 0.9537090184691225.


Package fontspec Info: Times scale = 0.9537090184691223.


Package fontspec Info: Times scale = 0.9537090184691225.


Package fontspec Info: Times scale = 0.9537090184691223.


Package fontspec Info: Times scale = 0.9537090184691225.


Package fontspec Info: Times scale = 0.9537090184691223.


Package fontspec Info: Times scale = 0.9537090184691225.


Package fontspec Info: Times scale = 0.9537090184691223.


Package fontspec Info: Times scale = 0.9537090184691225.


Package fontspec Info: Times scale = 0.9537090184691223.


Package fontspec Info: Times scale = 0.9537090184691225.


Package fontspec Info: Times scale = 0.9537090184691223.


Package fontspec Info: Times scale = 0.9537090184691225.


Package fontspec Info: Times scale = 0.9537090184691223.


Package fontspec Info: Times scale = 0.9537090184691225.


Package fontspec Info: Times scale = 0.9537090184691223.


Package fontspec Info: Times scale = 0.9537090184691225.


Package fontspec Info: Times scale = 0.9537090184691223.


Package fontspec Info: Times scale = 0.9537090184691225.


Package fontspec Info: Times scale = 0.9537090184691223.


Package fontspec Info: Times scale = 0.9537090184691225.


Package fontspec Info: Times scale = 0.9537090184691223.


Package fontspec Info: Times scale = 0.9537090184691225.


Package fontspec Info: Times scale = 0.9537090184691223.


Package fontspec Info: Times scale = 0.9537090184691225.


Package fontspec Info: Times scale = 0.9537090184691223.


Package fontspec Info: Times scale = 0.9537090184691225.


Package fontspec Info: Times scale = 0.9537090184691223.


Package fontspec Info: Times scale = 0.9537090184691225.


Package fontspec Info: Times scale = 0.9537090184691223.


Package fontspec Info: Times scale = 0.9537090184691225.


Package fontspec Info: Times scale = 0.9537090184691223.


Package fontspec Info: Times scale = 0.9537090184691225.


Package fontspec Info: Times scale = 0.9537090184691223.


Package fontspec Info: Times scale = 0.9537090184691225.


Package fontspec Info: Times scale = 0.9537090184691223.


Package fontspec Info: Times scale = 0.9537090184691225.


Package fontspec Info: Times scale = 0.9537090184691223.


Package fontspec Info: Times scale = 0.9537090184691225.


Package fontspec Info: Times scale = 0.9537090184691223.


Package fontspec Info: Times scale = 0.9537090184691225.


Package fontspec Info: Times scale = 0.9537090184691223.


Package fontspec Info: Times scale = 0.9537090184691225.


Package fontspec Info: Times scale = 0.9537090184691223.


Package fontspec Info: Times scale = 0.9537090184691225.


Package fontspec Info: Times scale = 0.9537090184691223.


Package fontspec Info: Times scale = 0.9537090184691225.


Package fontspec Info: Times scale = 0.9537090184691223.


Package fontspec Info: Times scale = 0.9537090184691225.


Package fontspec Info: Times scale = 0.9537090184691223.


Package fontspec Info: Times scale = 0.9537090184691225.


Package fontspec Info: Times scale = 0.9537090184691223.


Package fontspec Info: Times scale = 0.9537090184691225.


Package fontspec Info: Times scale = 0.9537090184691223.


Package fontspec Info: Times scale = 0.9537090184691225.


Package fontspec Info: Times scale = 0.9537090184691223.


Package fontspec Info: Times scale = 0.9537090184691225.


Package fontspec Info: Times scale = 0.9537090184691223.


Package fontspec Info: Times scale = 0.9537090184691225.


Package fontspec Info: Times scale = 0.9537090184691223.


Package fontspec Info: Times scale = 0.9537090184691225.


Package fontspec Info: Times scale = 0.9537090184691223.


Package fontspec Info: Times scale = 0.9537090184691225.


Package fontspec Info: Times scale = 0.9537090184691223.


Package fontspec Info: Times scale = 0.9537090184691225.


Package fontspec Info: Times scale = 0.9537090184691223.


Package fontspec Info: Times scale = 0.9537090184691225.


Package fontspec Info: Times scale = 0.9537090184691223.


Package fontspec Info: Times scale = 0.9537090184691225.


Package fontspec Info: Times scale = 0.9537090184691223.


Package fontspec Info: Times scale = 0.9537090184691225.


Package fontspec Info: Times scale = 0.9537090184691223.


Package fontspec Info: Times scale = 0.9537090184691225.


Package fontspec Info: Times scale = 0.9537090184691223.


Package fontspec Info: Times scale = 0.9537090184691225.


Package fontspec Info: Times scale = 0.9537090184691223.


Package fontspec Info: Times scale = 0.9537090184691225.


Package fontspec Info: Times scale = 0.9537090184691223.


Package fontspec Info: Times scale = 0.9537090184691225.


Package fontspec Info: Times scale = 0.9537090184691223.


Package fontspec Info: Times scale = 0.9537090184691225.


Package fontspec Info: Times scale = 0.9537090184691223.


Package fontspec Info: Times scale = 0.9537090184691225.


Package fontspec Info: Times scale = 0.9537090184691223.


Package fontspec Info: Times scale = 0.9537090184691225.


Package fontspec Info: Times scale = 0.9537090184691223.


Package fontspec Info: Times scale = 0.9537090184691225.


Package fontspec Info: Times scale = 0.9537090184691223.


Package fontspec Info: Times scale = 0.9537090184691225.


Package fontspec Info: Times scale = 0.9537090184691223.


Package fontspec Info: Times scale = 0.9537090184691225.


Package fontspec Info: Times scale = 0.9537090184691223.


Package fontspec Info: Times scale = 0.9537090184691225.


Package fontspec Info: Times scale = 0.9537090184691223.


Package fontspec Info: Times scale = 0.9537090184691225.


Package fontspec Info: Times scale = 0.9537090184691223.


Package fontspec Info: Times scale = 0.9537090184691225.


Package fontspec Info: Times scale = 0.9537090184691223.


Package fontspec Info: Times scale = 0.9537090184691225.


Package fontspec Info: Times scale = 0.9537090184691223.


Package fontspec Info: Times scale = 0.9537090184691225.


Package fontspec Info: Times scale = 0.9537090184691223.


Package fontspec Info: Times scale = 0.9537090184691225.


Package fontspec Info: Times scale = 0.9537090184691223.


Package fontspec Info: Times scale = 0.9537090184691225.


Package fontspec Info: Times scale = 0.9537090184691223.


Package fontspec Info: Times scale = 0.9537090184691225.


Package fontspec Info: Times scale = 0.9537090184691223.


Package fontspec Info: Times scale = 0.9537090184691225.


Package fontspec Info: Times scale = 0.9537090184691223.


Package fontspec Info: Times scale = 0.9537090184691225.


Package fontspec Info: Times scale = 0.9537090184691223.


Package fontspec Info: Times scale = 0.9537090184691225.


Package fontspec Info: Times scale = 0.9537090184691223.


Overfull \hbox (13.21825pt too wide) in alignment at lines 283--402
 [] [] [] [] 
 []

[11]

Package fontspec Info: Times scale = 0.9537090184691225.


Package fontspec Info: Times scale = 0.9537090184691223.


Package fontspec Info: Times scale = 0.9537090184691225.


Package fontspec Info: Times scale = 0.9537090184691223.


Package fontspec Info: Times scale = 0.9537090184691225.


Package fontspec Info: Times scale = 0.9537090184691223.


Package fontspec Info: Times scale = 0.9537090184691225.


Package fontspec Info: Times scale = 0.9537090184691223.


Package fontspec Info: Times scale = 0.9537090184691225.


Package fontspec Info: Times scale = 0.9537090184691223.


Package fontspec Info: Times scale = 0.9537090184691225.


Package fontspec Info: Times scale = 0.9537090184691223.


Package fontspec Info: Times scale = 0.9537090184691225.


Package fontspec Info: Times scale = 0.9537090184691223.


Package fontspec Info: Times scale = 0.9537090184691225.


Package fontspec Info: Times scale = 0.9537090184691223.


Package fontspec Info: Times scale = 0.9537090184691225.


Package fontspec Info: Times scale = 0.9537090184691223.


Package fontspec Info: Times scale = 0.9537090184691225.


Package fontspec Info: Times scale = 0.9537090184691223.


Package fontspec Info: Times scale = 0.9537090184691225.


Package fontspec Info: Times scale = 0.9537090184691223.


Package fontspec Info: Times scale = 0.9537090184691225.


Package fontspec Info: Times scale = 0.9537090184691223.


Package fontspec Info: Times scale = 0.9537090184691225.


Package fontspec Info: Times scale = 0.9537090184691223.


Package fontspec Info: Times scale = 0.9537090184691225.


Package fontspec Info: Times scale = 0.9537090184691223.


Package fontspec Info: Times scale = 0.9537090184691225.


Package fontspec Info: Times scale = 0.9537090184691223.


Package fontspec Info: Times scale = 0.9537090184691225.


Package fontspec Info: Times scale = 0.9537090184691223.


Package fontspec Info: Times scale = 0.9537090184691225.


Package fontspec Info: Times scale = 0.9537090184691223.


Package fontspec Info: Times scale = 0.9537090184691225.


Package fontspec Info: Times scale = 0.9537090184691223.


Package fontspec Info: Times scale = 0.9537090184691225.


Package fontspec Info: Times scale = 0.9537090184691223.


Package fontspec Info: Times scale = 0.9537090184691225.


Package fontspec Info: Times scale = 0.9537090184691223.


Package fontspec Info: Times scale = 0.9537090184691225.


Package fontspec Info: Times scale = 0.9537090184691223.


Package fontspec Info: Times scale = 0.9537090184691225.


Package fontspec Info: Times scale = 0.9537090184691223.


Package fontspec Info: Times scale = 0.9537090184691225.


Package fontspec Info: Times scale = 0.9537090184691223.


Package fontspec Info: Times scale = 0.9537090184691225.


Package fontspec Info: Times scale = 0.9537090184691223.


Package fontspec Info: Times scale = 0.9537090184691225.


Package fontspec Info: Times scale = 0.9537090184691223.


Package fontspec Info: Times scale = 0.9537090184691225.


Package fontspec Info: Times scale = 0.9537090184691223.


Package fontspec Info: Times scale = 0.9537090184691225.


Package fontspec Info: Times scale = 0.9537090184691223.


Package fontspec Info: Times scale = 0.9537090184691225.


Package fontspec Info: Times scale = 0.9537090184691223.


Package fontspec Info: Times scale = 0.9537090184691225.


Package fontspec Info: Times scale = 0.9537090184691223.


Package fontspec Info: Times scale = 0.9537090184691225.


Package fontspec Info: Times scale = 0.9537090184691223.


Package fontspec Info: Times scale = 0.9537090184691225.


Package fontspec Info: Times scale = 0.9537090184691223.


Package fontspec Info: Times scale = 0.9537090184691225.


Package fontspec Info: Times scale = 0.9537090184691223.


Package fontspec Info: Times scale = 0.9537090184691225.


Package fontspec Info: Times scale = 0.9537090184691223.


Package fontspec Info: Times scale = 0.9537090184691225.


Package fontspec Info: Times scale = 0.9537090184691223.


Package fontspec Info: Times scale = 0.9537090184691225.


Package fontspec Info: Times scale = 0.9537090184691223.


Package fontspec Info: Times scale = 0.9537090184691225.


Package fontspec Info: Times scale = 0.9537090184691223.


Package fontspec Info: Times scale = 0.9537090184691225.


Package fontspec Info: Times scale = 0.9537090184691223.


Package fontspec Info: Times scale = 0.9537090184691225.


Package fontspec Info: Times scale = 0.9537090184691223.


Package fontspec Info: Times scale = 0.9537090184691225.


Package fontspec Info: Times scale = 0.9537090184691223.


Package fontspec Info: Times scale = 0.9537090184691225.


Package fontspec Info: Times scale = 0.9537090184691223.


Package fontspec Info: Times scale = 0.9537090184691225.


Package fontspec Info: Times scale = 0.9537090184691223.


Package fontspec Info: Times scale = 0.9537090184691225.


Package fontspec Info: Times scale = 0.9537090184691223.


Package fontspec Info: Times scale = 0.9537090184691225.


Package fontspec Info: Times scale = 0.9537090184691223.


Package fontspec Info: Times scale = 0.9537090184691225.


Package fontspec Info: Times scale = 0.9537090184691223.


Package fontspec Info: Times scale = 0.9537090184691225.


Package fontspec Info: Times scale = 0.9537090184691223.


Package fontspec Info: Times scale = 0.9537090184691225.


Package fontspec Info: Times scale = 0.9537090184691223.


Package fontspec Info: Times scale = 0.9537090184691225.


Package fontspec Info: Times scale = 0.9537090184691223.


Package fontspec Info: Times scale = 0.9537090184691225.


Package fontspec Info: Times scale = 0.9537090184691223.


Package fontspec Info: Times scale = 0.9537090184691225.


Package fontspec Info: Times scale = 0.9537090184691223.


Package fontspec Info: Times scale = 0.9537090184691225.


Package fontspec Info: Times scale = 0.9537090184691223.


Package fontspec Info: Times scale = 0.9537090184691225.


Package fontspec Info: Times scale = 0.9537090184691223.


Package fontspec Info: Times scale = 0.9537090184691225.


Package fontspec Info: Times scale = 0.9537090184691223.


Package fontspec Info: Times scale = 0.9537090184691225.


Package fontspec Info: Times scale = 0.9537090184691223.


Package fontspec Info: Times scale = 0.9537090184691225.


Package fontspec Info: Times scale = 0.9537090184691223.


Package fontspec Info: Times scale = 0.9537090184691225.


Package fontspec Info: Times scale = 0.9537090184691223.


Package fontspec Info: Times scale = 0.9537090184691225.


Package fontspec Info: Times scale = 0.9537090184691223.


Package fontspec Info: Times scale = 0.9537090184691225.


Package fontspec Info: Times scale = 0.9537090184691223.


Package fontspec Info: Times scale = 0.9537090184691225.


Package fontspec Info: Times scale = 0.9537090184691223.


Package fontspec Info: Times scale = 0.9537090184691225.


Package fontspec Info: Times scale = 0.9537090184691223.


Package fontspec Info: Times scale = 0.9537090184691225.


Package fontspec Info: Times scale = 0.9537090184691223.


Package fontspec Info: Times scale = 0.9537090184691225.


Package fontspec Info: Times scale = 0.9537090184691223.


Package fontspec Info: Times scale = 0.9537090184691225.


Package fontspec Info: Times scale = 0.9537090184691223.


Package fontspec Info: Times scale = 0.9537090184691225.


Package fontspec Info: Times scale = 0.9537090184691223.


Package fontspec Info: Times scale = 0.9537090184691225.


Package fontspec Info: Times scale = 0.9537090184691223.


Package fontspec Info: Times scale = 0.9537090184691225.


Package fontspec Info: Times scale = 0.9537090184691223.


Package fontspec Info: Times scale = 0.9537090184691225.


Package fontspec Info: Times scale = 0.9537090184691223.


Package fontspec Info: Times scale = 0.9537090184691225.


Package fontspec Info: Times scale = 0.9537090184691223.


Package fontspec Info: Times scale = 0.9537090184691225.


Package fontspec Info: Times scale = 0.9537090184691223.


Package fontspec Info: Times scale = 0.9537090184691225.


Package fontspec Info: Times scale = 0.9537090184691223.


Package fontspec Info: Times scale = 0.9537090184691225.


Package fontspec Info: Times scale = 0.9537090184691223.


Package fontspec Info: Times scale = 0.9537090184691225.


Package fontspec Info: Times scale = 0.9537090184691223.


Package fontspec Info: Times scale = 0.9537090184691225.


Package fontspec Info: Times scale = 0.9537090184691223.


Package fontspec Info: Times scale = 0.9537090184691225.


Package fontspec Info: Times scale = 0.9537090184691223.


Package fontspec Info: Times scale = 0.9537090184691225.


Package fontspec Info: Times scale = 0.9537090184691223.


Package fontspec Info: Times scale = 0.9537090184691225.


Package fontspec Info: Times scale = 0.9537090184691223.


Package fontspec Info: Times scale = 0.9537090184691225.


Package fontspec Info: Times scale = 0.9537090184691223.


Package fontspec Info: Times scale = 0.9537090184691225.


Package fontspec Info: Times scale = 0.9537090184691223.


Package fontspec Info: Times scale = 0.9537090184691225.


Package fontspec Info: Times scale = 0.9537090184691223.


Package fontspec Info: Times scale = 0.9537090184691225.


Package fontspec Info: Times scale = 0.9537090184691223.


Package fontspec Info: Times scale = 0.9537090184691225.


Package fontspec Info: Times scale = 0.9537090184691223.


Overfull \hbox (13.21825pt too wide) in alignment at lines 402--522
 [] [] [] [] 
 []


Package fontspec Info: Times scale = 0.9537090184691225.


Package fontspec Info: Times scale = 0.9537090184691223.


Package fontspec Info: Times scale = 0.9537090184691225.


Package fontspec Info: Times scale = 0.9537090184691223.


Package fontspec Info: Times scale = 0.9537090184691225.


Package fontspec Info: Times scale = 0.9537090184691223.


Package fontspec Info: Times scale = 0.9537090184691225.


Package fontspec Info: Times scale = 0.9537090184691223.


Package fontspec Info: Times scale = 0.9537090184691225.


Package fontspec Info: Times scale = 0.9537090184691223.


Package fontspec Info: Times scale = 0.9537090184691225.


Package fontspec Info: Times scale = 0.9537090184691223.


Package fontspec Info: Times scale = 0.9537090184691225.


Package fontspec Info: Times scale = 0.9537090184691223.


Package fontspec Info: Times scale = 0.9537090184691225.


Package fontspec Info: Times scale = 0.9537090184691223.


Package fontspec Info: Times scale = 0.9537090184691225.


Package fontspec Info: Times scale = 0.9537090184691223.


Package fontspec Info: Times scale = 0.9537090184691225.


Package fontspec Info: Times scale = 0.9537090184691223.


Package fontspec Info: Times scale = 0.9537090184691225.


Package fontspec Info: Times scale = 0.9537090184691223.


Package fontspec Info: Times scale = 0.9537090184691225.


Package fontspec Info: Times scale = 0.9537090184691223.


Package fontspec Info: Times scale = 0.9537090184691225.


Package fontspec Info: Times scale = 0.9537090184691223.


Package fontspec Info: Times scale = 0.9537090184691225.


Package fontspec Info: Times scale = 0.9537090184691223.


Package fontspec Info: Times scale = 0.9537090184691225.


Package fontspec Info: Times scale = 0.9537090184691223.


Package fontspec Info: Times scale = 0.9537090184691225.


Package fontspec Info: Times scale = 0.9537090184691223.


Package fontspec Info: Times scale = 0.9537090184691225.


Package fontspec Info: Times scale = 0.9537090184691223.


Package fontspec Info: Times scale = 0.9537090184691225.


Package fontspec Info: Times scale = 0.9537090184691223.


Package fontspec Info: Times scale = 0.9537090184691225.


Package fontspec Info: Times scale = 0.9537090184691223.


Package fontspec Info: Times scale = 0.9537090184691225.


Package fontspec Info: Times scale = 0.9537090184691223.


Package fontspec Info: Times scale = 0.9537090184691225.


Package fontspec Info: Times scale = 0.9537090184691223.


Package fontspec Info: Times scale = 0.9537090184691225.


Package fontspec Info: Times scale = 0.9537090184691223.


Package fontspec Info: Times scale = 0.9537090184691225.


Package fontspec Info: Times scale = 0.9537090184691223.


Package fontspec Info: Times scale = 0.9537090184691225.


Package fontspec Info: Times scale = 0.9537090184691223.


Package fontspec Info: Times scale = 0.9537090184691225.


Package fontspec Info: Times scale = 0.9537090184691223.


Package fontspec Info: Times scale = 0.9537090184691225.


Package fontspec Info: Times scale = 0.9537090184691223.


Package fontspec Info: Times scale = 0.9537090184691225.


Package fontspec Info: Times scale = 0.9537090184691223.


Package fontspec Info: Times scale = 0.9537090184691225.


Package fontspec Info: Times scale = 0.9537090184691223.


Package fontspec Info: Times scale = 0.9537090184691225.


Package fontspec Info: Times scale = 0.9537090184691223.


Package fontspec Info: Times scale = 0.9537090184691225.


Package fontspec Info: Times scale = 0.9537090184691223.


Package fontspec Info: Times scale = 0.9537090184691225.


Package fontspec Info: Times scale = 0.9537090184691223.


Package fontspec Info: Times scale = 0.9537090184691225.


Package fontspec Info: Times scale = 0.9537090184691223.


Package fontspec Info: Times scale = 0.9537090184691225.


Package fontspec Info: Times scale = 0.9537090184691223.


Package fontspec Info: Times scale = 0.9537090184691225.


Package fontspec Info: Times scale = 0.9537090184691223.


Package fontspec Info: Times scale = 0.9537090184691225.


Package fontspec Info: Times scale = 0.9537090184691223.


Package fontspec Info: Times scale = 0.9537090184691225.


Package fontspec Info: Times scale = 0.9537090184691223.


Package fontspec Info: Times scale = 0.9537090184691225.


Package fontspec Info: Times scale = 0.9537090184691223.


Package fontspec Info: Times scale = 0.9537090184691225.


Package fontspec Info: Times scale = 0.9537090184691223.


Package fontspec Info: Times scale = 0.9537090184691225.


Package fontspec Info: Times scale = 0.9537090184691223.


Package fontspec Info: Times scale = 0.9537090184691225.


Package fontspec Info: Times scale = 0.9537090184691223.


Package fontspec Info: Times scale = 0.9537090184691225.


Package fontspec Info: Times scale = 0.9537090184691223.


Package fontspec Info: Times scale = 0.9537090184691225.


Package fontspec Info: Times scale = 0.9537090184691223.


Package fontspec Info: Times scale = 0.9537090184691225.


Package fontspec Info: Times scale = 0.9537090184691223.


Package fontspec Info: Times scale = 0.9537090184691225.


Package fontspec Info: Times scale = 0.9537090184691223.


Package fontspec Info: Times scale = 0.9537090184691225.


Package fontspec Info: Times scale = 0.9537090184691223.


Package fontspec Info: Times scale = 0.9537090184691225.


Package fontspec Info: Times scale = 0.9537090184691223.


Package fontspec Info: Times scale = 0.9537090184691225.


Package fontspec Info: Times scale = 0.9537090184691223.


Package fontspec Info: Times scale = 0.9537090184691225.


Package fontspec Info: Times scale = 0.9537090184691223.


Package fontspec Info: Times scale = 0.9537090184691225.


Package fontspec Info: Times scale = 0.9537090184691223.


Package fontspec Info: Times scale = 0.9537090184691225.


Package fontspec Info: Times scale = 0.9537090184691223.


Package fontspec Info: Times scale = 0.9537090184691225.


Package fontspec Info: Times scale = 0.9537090184691223.


Package fontspec Info: Times scale = 0.9537090184691225.


Package fontspec Info: Times scale = 0.9537090184691223.


Package fontspec Info: Times scale = 0.9537090184691225.


Package fontspec Info: Times scale = 0.9537090184691223.


Package fontspec Info: Times scale = 0.9537090184691225.


Package fontspec Info: Times scale = 0.9537090184691223.


Package fontspec Info: Times scale = 0.9537090184691225.


Package fontspec Info: Times scale = 0.9537090184691223.


Package fontspec Info: Times scale = 0.9537090184691225.


Package fontspec Info: Times scale = 0.9537090184691223.


Package fontspec Info: Times scale = 0.9537090184691225.


Package fontspec Info: Times scale = 0.9537090184691223.


Package fontspec Info: Times scale = 0.9537090184691225.


Package fontspec Info: Times scale = 0.9537090184691223.


Package fontspec Info: Times scale = 0.9537090184691225.


Package fontspec Info: Times scale = 0.9537090184691223.


Package fontspec Info: Times scale = 0.9537090184691225.


Package fontspec Info: Times scale = 0.9537090184691223.


Package fontspec Info: Times scale = 0.9537090184691225.


Package fontspec Info: Times scale = 0.9537090184691223.


Package fontspec Info: Times scale = 0.9537090184691225.


Package fontspec Info: Times scale = 0.9537090184691223.


Package fontspec Info: Times scale = 0.9537090184691225.


Package fontspec Info: Times scale = 0.9537090184691223.


Package fontspec Info: Times scale = 0.9537090184691225.


Package fontspec Info: Times scale = 0.9537090184691223.


Package fontspec Info: Times scale = 0.9537090184691225.


Package fontspec Info: Times scale = 0.9537090184691223.


Package fontspec Info: Times scale = 0.9537090184691225.


Package fontspec Info: Times scale = 0.9537090184691223.


Package fontspec Info: Times scale = 0.9537090184691225.


Package fontspec Info: Times scale = 0.9537090184691223.


Package fontspec Info: Times scale = 0.9537090184691225.


Package fontspec Info: Times scale = 0.9537090184691223.


Package fontspec Info: Times scale = 0.9537090184691225.


Package fontspec Info: Times scale = 0.9537090184691223.


Package fontspec Info: Times scale = 0.9537090184691225.


Package fontspec Info: Times scale = 0.9537090184691223.


Package fontspec Info: Times scale = 0.9537090184691225.


Package fontspec Info: Times scale = 0.9537090184691223.


Package fontspec Info: Times scale = 0.9537090184691225.


Package fontspec Info: Times scale = 0.9537090184691223.


Package fontspec Info: Times scale = 0.9537090184691225.


Package fontspec Info: Times scale = 0.9537090184691223.


Package fontspec Info: Times scale = 0.9537090184691225.


Package fontspec Info: Times scale = 0.9537090184691223.


Package fontspec Info: Times scale = 0.9537090184691225.


Package fontspec Info: Times scale = 0.9537090184691223.


Package fontspec Info: Times scale = 0.9537090184691225.


Package fontspec Info: Times scale = 0.9537090184691223.


Package fontspec Info: Times scale = 0.9537090184691225.


Package fontspec Info: Times scale = 0.9537090184691223.


Package fontspec Info: Times scale = 0.9537090184691225.


Package fontspec Info: Times scale = 0.9537090184691223.


Package fontspec Info: Times scale = 0.9537090184691225.


Package fontspec Info: Times scale = 0.9537090184691223.


Package fontspec Info: Times scale = 0.9537090184691225.


Package fontspec Info: Times scale = 0.9537090184691223.


Overfull \hbox (13.21825pt too wide) in alignment at lines 522--642
 [] [] [] [] 
 []

[12]

Package fontspec Info: Times scale = 0.9537090184691225.


Package fontspec Info: Times scale = 0.9537090184691223.


Package fontspec Info: Times scale = 0.9537090184691225.


Package fontspec Info: Times scale = 0.9537090184691223.


Package fontspec Info: Times scale = 0.9537090184691225.


Package fontspec Info: Times scale = 0.9537090184691223.


Package fontspec Info: Times scale = 0.9537090184691225.


Package fontspec Info: Times scale = 0.9537090184691223.


Overfull \hbox (13.21825pt too wide) in alignment at lines 642--651
 [] [] [] [] 
 []

File: report_files/figure-latex/unnamed-chunk-3-1.pdf Graphic file (type pdf)
<use report_files/figure-latex/unnamed-chunk-3-1.pdf>
[13] [14] [15]
Underfull \hbox (badness 1253) in paragraph at lines 822--824
\TU/lmr/m/it/10 of Gwc-Affiliated Women\TU/lmr/m/n/10 . []$[][][][][] [] [] [] 
[][][][][][][][][][][][] [] [][][] [] [][] [][] [][][][][][][] [] [][][][][][][
] [] [][][][] [] [][] [] [][][] [] [][][][][][][][] []
 []

[16] [17] [18] (./report.aux)
Package rerunfilecheck Info: File `report.out' has not changed.
(rerunfilecheck)             Checksum: 7446A329ABCD3D2F62A3DEA9953BC835;2718.
 ) 
Here is how much of TeX's memory you used:
 17928 strings out of 478918
 316009 string characters out of 5865691
 841185 words of memory out of 5000000
 37437 multiletter control sequences out of 15000+600000
 414072 words of font info for 133 fonts, out of 8000000 for 9000
 14 hyphenation exceptions out of 8191
 98i,10n,131p,1523b,495s stack positions out of 5000i,500n,10000p,200000b,80000s

Output written on report.pdf (18 pages).
